#
# A fatal error has been detected by the Java Runtime Environment:
#
#  SIGSEGV (0xb) at pc=0x000000010be232b0, pid=1124, tid=16387
#
# JRE version: Java(TM) SE Runtime Environment (8.0_25-b17) (build 1.8.0_25-b17)
# Java VM: Java HotSpot(TM) 64-Bit Server VM (25.25-b02 mixed mode bsd-amd64 compressed oops)
# Problematic frame:
# V  [libjvm.dylib+0x4232b0]  Method::checked_resolve_jmethod_id(_jmethodID*)+0xe
#
# Failed to write core dump. Core dumps have been disabled. To enable core dumping, try "ulimit -c unlimited" before starting Java again
#
# If you would like to submit a bug report, please visit:
#   http://bugreport.sun.com/bugreport/crash.jsp
#

---------------  T H R E A D  ---------------

Current thread (0x00007fdee3838800):  JavaThread "JDWP Transport Listener: dt_socket" daemon [_thread_in_vm, id=16387, stack(0x0000000124346000,0x0000000124446000)]

siginfo: si_signo: 11 (SIGSEGV), si_code: 0 (unknown), si_addr: 0x0000000000000000

Registers:
RAX=0x0000000000000001, RBX=0x0000000124445a8b, RCX=0x000000010c1d6c80, RDX=0x0000000124445a8b
RSP=0x00000001244459d0, RBP=0x00000001244459e0, RSI=0x00007fdee3838800, RDI=0xf000000000000000
R8 =0x0000000000000000, R9 =0x00007fdee2d00000, R10=0x0000000000000010, R11=0x00007fdee2d00000
R12=0x00007fdee3838800, R13=0xf000000000000000, R14=0xf000000000000000, R15=0x00007fdee2c07dd0
RIP=0x000000010be232b0, EFLAGS=0x0000000000010286, ERR=0x0000000000000000
  TRAPNO=0x000000000000000d

Top of Stack: (sp=0x00000001244459d0)
0x00000001244459d0:   0000000124445a8b 0000000124445a8b
0x00000001244459e0:   0000000124445a40 000000010bd3526e
0x00000001244459f0:   00007fdee3838800 0000000000000000
0x0000000124445a00:   0000000000000000 0000000000000000
0x0000000124445a10:   00007fdee3838800 00007fdee3838800
0x0000000124445a20:   0000000124445a8b 0000000124445a90
0x0000000124445a30:   f000000000000000 0000000000000004
0x0000000124445a40:   0000000124445a60 000000010b19f7dc
0x0000000124445a50:   0000000000000001 0000000124445b08
0x0000000124445a60:   0000000124445ad0 000000010b184263
0x0000000124445a70:   0000000124445aa0 00007fdee2d405c0
0x0000000124445a80:   0000000500000032 0000000a00445b08
0x0000000124445a90:   0000000000000000 0000000000000000
0x0000000124445aa0:   0000000000000000 0000000124445c90
0x0000000124445ab0:   000000010b1a6eca 00007fdee2d400d0
0x0000000124445ac0:   0000000124445b08 000000010b1b2588
0x0000000124445ad0:   0000000124445ae0 000000010b18435c
0x0000000124445ae0:   0000000124445d00 000000010b18d8f6
0x0000000124445af0:   0000523f00000013 00000000000f0200
0x0000000124445b00:   00007fdee2d3f1b0 0000000124445c60
0x0000000124445b10:   00007fde00000024 0000000124445b20
0x0000000124445b20:   00007fde00000108 0000000124445b58
0x0000000124445b30:   0000000000000000 00007f0000000000
0x0000000124445b40:   0000523f0000001c 00007fff0000c080
0x0000000124445b50:   0000000124445b58 de7f000005000000
0x0000000124445b60:   0800000088e4c1e2 73737365636f7270
0x0000000124445b70:   616a4c2815000000 2f676e616c2f6176
0x0000000124445b80:   293b676e69727453 000000000000005a
0x0000000124445b90:   e4c1e2de7f000009 69616d0400000078
0x0000000124445ba0:   4c5b28160000006e 6e616c2f6176616a
0x0000000124445bb0:   676e697274532f67 000000000056293b
0x0000000124445bc0:   e2de7f0000090000 750c00000080e4c1 

Instructions: (pc=0x000000010be232b0)
0x000000010be23290:   40 48 48 85 c0 75 e0 30 c0 0f b6 c0 5d c3 31 c0
0x000000010be232a0:   5d c3 55 48 89 e5 53 48 83 ec 08 48 85 ff 74 24
0x000000010be232b0:   48 8b 1f 48 85 db 74 1c 48 83 fb 37 74 16 48 8b
0x000000010be232c0:   03 48 89 df ff 50 10 84 c0 b8 00 00 00 00 48 0f 

Register to memory mapping:

RAX=0x0000000000000001 is an unknown value
RBX=0x0000000124445a8b is pointing into the stack for thread: 0x00007fdee3838800
RCX=0x000000010c1d6c80: UseMembar+0 in /Library/Java/JavaVirtualMachines/jdk1.8.0_25.jdk/Contents/Home/jre/lib/server/libjvm.dylib at 0x000000010ba00000
RDX=0x0000000124445a8b is pointing into the stack for thread: 0x00007fdee3838800
RSP=0x00000001244459d0 is pointing into the stack for thread: 0x00007fdee3838800
RBP=0x00000001244459e0 is pointing into the stack for thread: 0x00007fdee3838800
RSI=0x00007fdee3838800 is a thread
RDI=0xf000000000000000 is an unknown value
R8 =0x0000000000000000 is an unknown value
R9 =0x00007fdee2d00000 is an unknown value
R10=0x0000000000000010 is an unknown value
R11=0x00007fdee2d00000 is an unknown value
R12=0x00007fdee3838800 is a thread
R13=0xf000000000000000 is an unknown value
R14=0xf000000000000000 is an unknown value
R15=0x00007fdee2c07dd0 is an unknown value


Stack: [0x0000000124346000,0x0000000124446000],  sp=0x00000001244459d0,  free space=1022k
Native frames: (J=compiled Java code, j=interpreted, Vv=VM code, C=native code)
V  [libjvm.dylib+0x4232b0]  Method::checked_resolve_jmethod_id(_jmethodID*)+0xe
V  [libjvm.dylib+0x33526e]  jvmti_IsMethodSynthetic+0xb2
C  [libjdwp.dylib+0x207dc]  isMethodSynthetic+0x63
C  [libjdwp.dylib+0x5263]  methods1+0x10b
C  [libjdwp.dylib+0x535c]  methodsWithGeneric+0xe
C  [libjdwp.dylib+0xe8f6]  debugLoop_run+0x1ce
C  [libjdwp.dylib+0x1f716]  attachThread+0x4d
V  [libjvm.dylib+0x3762ce]  JvmtiAgentThread::call_start_function()+0x38
V  [libjvm.dylib+0x535ed9]  JavaThread::thread_main_inner()+0x9b
V  [libjvm.dylib+0x53761c]  JavaThread::run()+0x1c2
V  [libjvm.dylib+0x45d87e]  java_start(Thread*)+0xf6
C  [libsystem_pthread.dylib+0x32fc]  _pthread_body+0x83
C  [libsystem_pthread.dylib+0x3279]  _pthread_body+0x0
C  [libsystem_pthread.dylib+0x14b1]  thread_start+0xd
C  0x0000000000000000


---------------  P R O C E S S  ---------------

Java Threads: ( => current thread )
  0x00007fdee48ec000 JavaThread "ReaderThread" [_thread_in_native, id=20483, stack(0x0000000124bfe000,0x0000000124cfe000)]
  0x00007fdee3015800 JavaThread "Service Thread" daemon [_thread_blocked, id=19459, stack(0x0000000124958000,0x0000000124a58000)]
  0x00007fdee482c000 JavaThread "C1 CompilerThread2" daemon [_thread_blocked, id=18947, stack(0x0000000124855000,0x0000000124955000)]
  0x00007fdee4013000 JavaThread "C2 CompilerThread1" daemon [_thread_blocked, id=18435, stack(0x0000000124752000,0x0000000124852000)]
  0x00007fdee482d000 JavaThread "C2 CompilerThread0" daemon [_thread_blocked, id=17923, stack(0x000000012464f000,0x000000012474f000)]
  0x00007fdee3839800 JavaThread "JDWP Command Reader" daemon [_thread_in_native, id=17411, stack(0x000000012454c000,0x000000012464c000)]
  0x00007fdee400e800 JavaThread "JDWP Event Helper Thread" daemon [_thread_blocked, id=16899, stack(0x0000000124449000,0x0000000124549000)]
=>0x00007fdee3838800 JavaThread "JDWP Transport Listener: dt_socket" daemon [_thread_in_vm, id=16387, stack(0x0000000124346000,0x0000000124446000)]
  0x00007fdee4815000 JavaThread "Signal Dispatcher" daemon [_thread_blocked, id=12559, stack(0x000000012423c000,0x000000012433c000)]
  0x00007fdee4809000 JavaThread "Finalizer" daemon [_thread_blocked, id=11523, stack(0x0000000122991000,0x0000000122a91000)]
  0x00007fdee3007000 JavaThread "Reference Handler" daemon [_thread_blocked, id=11011, stack(0x000000012288e000,0x000000012298e000)]
  0x00007fdee4001000 JavaThread "main" [_thread_blocked, id=4867, stack(0x000000010c91d000,0x000000010ca1d000)]

Other Threads:
  0x00007fdee400b800 VMThread [stack: 0x000000012278b000,0x000000012288b000] [id=10499]
  0x00007fdee4813000 WatcherThread [stack: 0x0000000124a5b000,0x0000000124b5b000] [id=19971]

VM state:not at safepoint (normal execution)

VM Mutex/Monitor currently owned by a thread: None

Heap:
 PSYoungGen      total 38400K, used 7995K [0x0000000795580000, 0x0000000798000000, 0x00000007c0000000)
  eden space 33280K, 24% used [0x0000000795580000,0x0000000795d4eed8,0x0000000797600000)
  from space 5120K, 0% used [0x0000000797b00000,0x0000000797b00000,0x0000000798000000)
  to   space 5120K, 0% used [0x0000000797600000,0x0000000797600000,0x0000000797b00000)
 ParOldGen       total 87552K, used 0K [0x0000000740000000, 0x0000000745580000, 0x0000000795580000)
  object space 87552K, 0% used [0x0000000740000000,0x0000000740000000,0x0000000745580000)
 Metaspace       used 5801K, capacity 5892K, committed 6144K, reserved 1056768K
  class space    used 651K, capacity 688K, committed 768K, reserved 1048576K

Card table byte_map: [0x000000011bddf000,0x000000011c1e0000] byte_map_base: 0x00000001183df000

Marking Bits: (ParMarkBitMap*) 0x000000010c29d390
 Begin Bits: [0x000000011c897000, 0x000000011e897000)
 End Bits:   [0x000000011e897000, 0x0000000120897000)

Polling page: 0x000000010b17e000

CodeCache: size=245760Kb used=1898Kb max_used=1898Kb free=243861Kb
 bounds [0x000000010ca1f000, 0x000000010cc8f000, 0x000000011ba1f000]
 total_blobs=581 nmethods=299 adapters=205
 compilation: enabled

Compilation events (10 events):
Event: 0.484 Thread 0x00007fdee482c000 nmethod 294 0x000000010cbf6950 code [0x000000010cbf6aa0, 0x000000010cbf6bb0]
Event: 0.484 Thread 0x00007fdee482d000 nmethod 290 0x000000010cbf9a90 code [0x000000010cbf9be0, 0x000000010cbf9e58]
Event: 0.485 Thread 0x00007fdee482c000  295       3       java.lang.ref.Finalizer::register (10 bytes)
Event: 0.485 Thread 0x00007fdee482c000 nmethod 295 0x000000010cbf8f50 code [0x000000010cbf90e0, 0x000000010cbf9528]
Event: 0.485 Thread 0x00007fdee482c000  296       3       java.lang.ref.Finalizer::<init> (23 bytes)
Event: 0.485 Thread 0x00007fdee482c000 nmethod 296 0x000000010cbf88d0 code [0x000000010cbf8a60, 0x000000010cbf8e08]
Event: 0.487 Thread 0x00007fdee482c000  298       3       java.io.File::getName (42 bytes)
Event: 0.487 Thread 0x00007fdee482c000 nmethod 298 0x000000010cbf8090 code [0x000000010cbf8220, 0x000000010cbf8708]
Event: 0.488 Thread 0x00007fdee482c000  299   !   3       java.net.URL::set (114 bytes)
Event: 0.489 Thread 0x00007fdee482c000 nmethod 299 0x000000010cbfa050 code [0x000000010cbfa240, 0x000000010cbfae98]

GC Heap History (0 events):
No events

Deoptimization events (0 events):
No events

Internal exceptions (10 events):
Event: 0.483 Thread 0x00007fdee4001000 Exception <a 'java/security/PrivilegedActionException'> (0x0000000795cc0168) thrown at [/HUDSON3/workspace/8-2-build-macosx-x86_64/jdk8u25/1514/hotspot/src/share/vm/prims/jvm.cpp, line 1312]
Event: 0.484 Thread 0x00007fdee4001000 Exception <a 'java/security/PrivilegedActionException'> (0x0000000795cc5970) thrown at [/HUDSON3/workspace/8-2-build-macosx-x86_64/jdk8u25/1514/hotspot/src/share/vm/prims/jvm.cpp, line 1312]
Event: 0.485 Thread 0x00007fdee4001000 Exception <a 'java/security/PrivilegedActionException'> (0x0000000795cc91d8) thrown at [/HUDSON3/workspace/8-2-build-macosx-x86_64/jdk8u25/1514/hotspot/src/share/vm/prims/jvm.cpp, line 1312]
Event: 0.485 Thread 0x00007fdee4001000 Exception <a 'java/security/PrivilegedActionException'> (0x0000000795ccddc0) thrown at [/HUDSON3/workspace/8-2-build-macosx-x86_64/jdk8u25/1514/hotspot/src/share/vm/prims/jvm.cpp, line 1312]
Event: 0.486 Thread 0x00007fdee4001000 Exception <a 'java/security/PrivilegedActionException'> (0x0000000795cd2680) thrown at [/HUDSON3/workspace/8-2-build-macosx-x86_64/jdk8u25/1514/hotspot/src/share/vm/prims/jvm.cpp, line 1312]
Event: 0.486 Thread 0x00007fdee4001000 Exception <a 'java/security/PrivilegedActionException'> (0x0000000795cd6d28) thrown at [/HUDSON3/workspace/8-2-build-macosx-x86_64/jdk8u25/1514/hotspot/src/share/vm/prims/jvm.cpp, line 1312]
Event: 0.486 Thread 0x00007fdee4001000 Exception <a 'java/security/PrivilegedActionException'> (0x0000000795cda9b8) thrown at [/HUDSON3/workspace/8-2-build-macosx-x86_64/jdk8u25/1514/hotspot/src/share/vm/prims/jvm.cpp, line 1312]
Event: 0.487 Thread 0x00007fdee4001000 Exception <a 'java/security/PrivilegedActionException'> (0x0000000795cdf788) thrown at [/HUDSON3/workspace/8-2-build-macosx-x86_64/jdk8u25/1514/hotspot/src/share/vm/prims/jvm.cpp, line 1312]
Event: 0.488 Thread 0x00007fdee4001000 Exception <a 'java/security/PrivilegedActionException'> (0x0000000795ce36e0) thrown at [/HUDSON3/workspace/8-2-build-macosx-x86_64/jdk8u25/1514/hotspot/src/share/vm/prims/jvm.cpp, line 1312]
Event: 12.063 Thread 0x00007fdee4001000 Exception <a 'java/security/PrivilegedActionException'> (0x0000000795ce74f8) thrown at [/HUDSON3/workspace/8-2-build-macosx-x86_64/jdk8u25/1514/hotspot/src/share/vm/prims/jvm.cpp, line 1312]

Events (10 events):
Event: 415.974 Executing VM operation: GetCurrentLocation
Event: 415.975 Executing VM operation: GetCurrentLocation done
Event: 415.975 Executing VM operation: EnterInterpOnlyMode
Event: 415.975 Executing VM operation: EnterInterpOnlyMode done
Event: 415.975 Executing VM operation: ChangeSingleStep
Event: 415.975 Executing VM operation: ChangeSingleStep done
Event: 415.975 Executing VM operation: ChangeSingleStep
Event: 415.975 Executing VM operation: ChangeSingleStep done
Event: 415.979 Executing VM operation: RedefineClasses
Event: 415.983 Executing VM operation: RedefineClasses done


Dynamic libraries:
0x0000000004164000 	/System/Library/Frameworks/Cocoa.framework/Versions/A/Cocoa
0x0000000004164000 	/System/Library/Frameworks/Security.framework/Versions/A/Security
0x0000000004164000 	/System/Library/Frameworks/ApplicationServices.framework/Versions/A/ApplicationServices
0x0000000004164000 	/usr/lib/libz.1.dylib
0x0000000004164000 	/usr/lib/libSystem.B.dylib
0x0000000004164000 	/usr/lib/libobjc.A.dylib
0x0000000004164000 	/System/Library/Frameworks/CoreFoundation.framework/Versions/A/CoreFoundation
0x0000000004164000 	/System/Library/Frameworks/Foundation.framework/Versions/C/Foundation
0x0000000004164000 	/System/Library/Frameworks/AppKit.framework/Versions/C/AppKit
0x0000000004164000 	/System/Library/Frameworks/CoreData.framework/Versions/A/CoreData
0x0000000004164000 	/System/Library/PrivateFrameworks/RemoteViewServices.framework/Versions/A/RemoteViewServices
0x0000000004164000 	/System/Library/PrivateFrameworks/UIFoundation.framework/Versions/A/UIFoundation
0x0000000004164000 	/System/Library/Frameworks/IOSurface.framework/Versions/A/IOSurface
0x0000000004164000 	/System/Library/Frameworks/AudioToolbox.framework/Versions/A/AudioToolbox
0x0000000004164000 	/System/Library/Frameworks/AudioUnit.framework/Versions/A/AudioUnit
0x0000000004164000 	/System/Library/PrivateFrameworks/DataDetectorsCore.framework/Versions/A/DataDetectorsCore
0x0000000004164000 	/System/Library/PrivateFrameworks/DesktopServicesPriv.framework/Versions/A/DesktopServicesPriv
0x0000000004164000 	/System/Library/Frameworks/Carbon.framework/Versions/A/Frameworks/HIToolbox.framework/Versions/A/HIToolbox
0x0000000004164000 	/System/Library/Frameworks/QuartzCore.framework/Versions/A/QuartzCore
0x0000000004164000 	/System/Library/Frameworks/Carbon.framework/Versions/A/Frameworks/SpeechRecognition.framework/Versions/A/SpeechRecognition
0x0000000004164000 	/usr/lib/libauto.dylib
0x0000000004164000 	/usr/lib/libicucore.A.dylib
0x0000000004164000 	/usr/lib/libxml2.2.dylib
0x0000000004164000 	/System/Library/PrivateFrameworks/CoreUI.framework/Versions/A/CoreUI
0x0000000004164000 	/System/Library/Frameworks/CoreAudio.framework/Versions/A/CoreAudio
0x0000000004164000 	/System/Library/Frameworks/DiskArbitration.framework/Versions/A/DiskArbitration
0x0000000004164000 	/usr/lib/liblangid.dylib
0x0000000004164000 	/System/Library/PrivateFrameworks/MultitouchSupport.framework/Versions/A/MultitouchSupport
0x0000000004164000 	/System/Library/Frameworks/IOKit.framework/Versions/A/IOKit
0x0000000004164000 	/usr/lib/libDiagnosticMessagesClient.dylib
0x0000000004164000 	/System/Library/Frameworks/CoreServices.framework/Versions/A/CoreServices
0x0000000004164000 	/System/Library/PrivateFrameworks/PerformanceAnalysis.framework/Versions/A/PerformanceAnalysis
0x0000000004164000 	/System/Library/PrivateFrameworks/GenerationalStorage.framework/Versions/A/GenerationalStorage
0x0000000004164000 	/System/Library/Frameworks/OpenGL.framework/Versions/A/OpenGL
0x0000000004164000 	/System/Library/PrivateFrameworks/Sharing.framework/Versions/A/Sharing
0x0000000004164000 	/System/Library/Frameworks/CoreGraphics.framework/Versions/A/CoreGraphics
0x0000000004164000 	/System/Library/Frameworks/CoreText.framework/Versions/A/CoreText
0x0000000004164000 	/System/Library/Frameworks/ImageIO.framework/Versions/A/ImageIO
0x0000000004164000 	/usr/lib/libextension.dylib
0x0000000004164000 	/System/Library/PrivateFrameworks/Backup.framework/Versions/A/Backup
0x0000000004164000 	/usr/lib/libarchive.2.dylib
0x0000000004164000 	/System/Library/Frameworks/CFNetwork.framework/Versions/A/CFNetwork
0x0000000004164000 	/System/Library/Frameworks/SystemConfiguration.framework/Versions/A/SystemConfiguration
0x0000000004164000 	/usr/lib/libCRFSuite.dylib
0x0000000004164000 	/usr/lib/libc++.1.dylib
0x0000000004164000 	/usr/lib/libc++abi.dylib
0x0000000004164000 	/usr/lib/system/libcache.dylib
0x0000000004164000 	/usr/lib/system/libcommonCrypto.dylib
0x0000000004164000 	/usr/lib/system/libcompiler_rt.dylib
0x0000000004164000 	/usr/lib/system/libcopyfile.dylib
0x0000000004164000 	/usr/lib/system/libcorecrypto.dylib
0x0000000004164000 	/usr/lib/system/libdispatch.dylib
0x0000000004164000 	/usr/lib/system/libdyld.dylib
0x0000000004164000 	/usr/lib/system/libkeymgr.dylib
0x0000000004164000 	/usr/lib/system/liblaunch.dylib
0x0000000004164000 	/usr/lib/system/libmacho.dylib
0x0000000004164000 	/usr/lib/system/libquarantine.dylib
0x0000000004164000 	/usr/lib/system/libremovefile.dylib
0x0000000004164000 	/usr/lib/system/libsystem_asl.dylib
0x0000000004164000 	/usr/lib/system/libsystem_blocks.dylib
0x0000000004164000 	/usr/lib/system/libsystem_c.dylib
0x0000000004164000 	/usr/lib/system/libsystem_configuration.dylib
0x0000000004164000 	/usr/lib/system/libsystem_coreservices.dylib
0x0000000004164000 	/usr/lib/system/libsystem_coretls.dylib
0x0000000004164000 	/usr/lib/system/libsystem_dnssd.dylib
0x0000000004164000 	/usr/lib/system/libsystem_info.dylib
0x0000000004164000 	/usr/lib/system/libsystem_kernel.dylib
0x0000000004164000 	/usr/lib/system/libsystem_m.dylib
0x0000000004164000 	/usr/lib/system/libsystem_malloc.dylib
0x0000000004164000 	/usr/lib/system/libsystem_network.dylib
0x0000000004164000 	/usr/lib/system/libsystem_networkextension.dylib
0x0000000004164000 	/usr/lib/system/libsystem_notify.dylib
0x0000000004164000 	/usr/lib/system/libsystem_platform.dylib
0x0000000004164000 	/usr/lib/system/libsystem_pthread.dylib
0x0000000004164000 	/usr/lib/system/libsystem_sandbox.dylib
0x0000000004164000 	/usr/lib/system/libsystem_secinit.dylib
0x0000000004164000 	/usr/lib/system/libsystem_stats.dylib
0x0000000004164000 	/usr/lib/system/libsystem_trace.dylib
0x0000000004164000 	/usr/lib/system/libunc.dylib
0x0000000004164000 	/usr/lib/system/libunwind.dylib
0x0000000004164000 	/usr/lib/system/libxpc.dylib
0x0000000004164000 	/usr/lib/libbz2.1.0.dylib
0x0000000004164000 	/usr/lib/liblzma.5.dylib
0x0000000004164000 	/usr/lib/libbsm.0.dylib
0x0000000004164000 	/usr/lib/libsqlite3.dylib
0x0000000004164000 	/usr/lib/system/libkxld.dylib
0x0000000004164000 	/usr/lib/libxar.1.dylib
0x0000000004164000 	/usr/lib/libpam.2.dylib
0x0000000004164000 	/usr/lib/libOpenScriptingUtil.dylib
0x0000000004164000 	/System/Library/Frameworks/CoreServices.framework/Versions/A/Frameworks/FSEvents.framework/Versions/A/FSEvents
0x0000000004164000 	/System/Library/Frameworks/CoreServices.framework/Versions/A/Frameworks/CarbonCore.framework/Versions/A/CarbonCore
0x0000000004164000 	/System/Library/Frameworks/CoreServices.framework/Versions/A/Frameworks/Metadata.framework/Versions/A/Metadata
0x0000000004164000 	/System/Library/Frameworks/CoreServices.framework/Versions/A/Frameworks/OSServices.framework/Versions/A/OSServices
0x0000000004164000 	/System/Library/Frameworks/CoreServices.framework/Versions/A/Frameworks/SearchKit.framework/Versions/A/SearchKit
0x0000000004164000 	/System/Library/Frameworks/CoreServices.framework/Versions/A/Frameworks/AE.framework/Versions/A/AE
0x0000000004164000 	/System/Library/Frameworks/CoreServices.framework/Versions/A/Frameworks/LaunchServices.framework/Versions/A/LaunchServices
0x0000000004164000 	/System/Library/Frameworks/CoreServices.framework/Versions/A/Frameworks/DictionaryServices.framework/Versions/A/DictionaryServices
0x0000000004164000 	/System/Library/Frameworks/NetFS.framework/Versions/A/NetFS
0x0000000004164000 	/System/Library/PrivateFrameworks/NetAuth.framework/Versions/A/NetAuth
0x0000000004164000 	/System/Library/PrivateFrameworks/login.framework/Versions/A/Frameworks/loginsupport.framework/Versions/A/loginsupport
0x0000000004164000 	/System/Library/PrivateFrameworks/TCC.framework/Versions/A/TCC
0x0000000004164000 	/usr/lib/libmecabra.dylib
0x0000000004164000 	/System/Library/PrivateFrameworks/LanguageModeling.framework/Versions/A/LanguageModeling
0x0000000004164000 	/usr/lib/libcmph.dylib
0x0000000004164000 	/usr/lib/libiconv.2.dylib
0x0000000004164000 	/System/Library/Frameworks/OpenDirectory.framework/Versions/A/Frameworks/CFOpenDirectory.framework/Versions/A/CFOpenDirectory
0x0000000004164000 	/System/Library/Frameworks/ServiceManagement.framework/Versions/A/ServiceManagement
0x0000000004164000 	/usr/lib/libxslt.1.dylib
0x0000000004164000 	/System/Library/Frameworks/Carbon.framework/Versions/A/Frameworks/Ink.framework/Versions/A/Ink
0x0000000004164000 	/System/Library/Frameworks/ApplicationServices.framework/Versions/A/Frameworks/ATS.framework/Versions/A/ATS
0x0000000004164000 	/System/Library/Frameworks/ApplicationServices.framework/Versions/A/Frameworks/ColorSync.framework/Versions/A/ColorSync
0x0000000004164000 	/System/Library/Frameworks/ApplicationServices.framework/Versions/A/Frameworks/HIServices.framework/Versions/A/HIServices
0x0000000004164000 	/System/Library/Frameworks/ApplicationServices.framework/Versions/A/Frameworks/LangAnalysis.framework/Versions/A/LangAnalysis
0x0000000004164000 	/System/Library/Frameworks/ApplicationServices.framework/Versions/A/Frameworks/PrintCore.framework/Versions/A/PrintCore
0x0000000004164000 	/System/Library/Frameworks/ApplicationServices.framework/Versions/A/Frameworks/QD.framework/Versions/A/QD
0x0000000004164000 	/System/Library/Frameworks/ApplicationServices.framework/Versions/A/Frameworks/SpeechSynthesis.framework/Versions/A/SpeechSynthesis
0x0000000004164000 	/System/Library/Frameworks/Accelerate.framework/Versions/A/Accelerate
0x0000000004164000 	/System/Library/Frameworks/Accelerate.framework/Versions/A/Frameworks/vImage.framework/Versions/A/vImage
0x0000000004164000 	/System/Library/Frameworks/Accelerate.framework/Versions/A/Frameworks/vecLib.framework/Versions/A/vecLib
0x0000000004164000 	/System/Library/Frameworks/Accelerate.framework/Versions/A/Frameworks/vecLib.framework/Versions/A/libvDSP.dylib
0x0000000004164000 	/System/Library/Frameworks/Accelerate.framework/Versions/A/Frameworks/vecLib.framework/Versions/A/libvMisc.dylib
0x0000000004164000 	/System/Library/Frameworks/Accelerate.framework/Versions/A/Frameworks/vecLib.framework/Versions/A/libLAPACK.dylib
0x0000000004164000 	/System/Library/Frameworks/Accelerate.framework/Versions/A/Frameworks/vecLib.framework/Versions/A/libBLAS.dylib
0x0000000004164000 	/System/Library/Frameworks/Accelerate.framework/Versions/A/Frameworks/vecLib.framework/Versions/A/libLinearAlgebra.dylib
0x0000000004164000 	/System/Library/Frameworks/ApplicationServices.framework/Versions/A/Frameworks/ATS.framework/Versions/A/Resources/libFontParser.dylib
0x0000000004164000 	/System/Library/Frameworks/ApplicationServices.framework/Versions/A/Frameworks/ATS.framework/Versions/A/Resources/libFontRegistry.dylib
0x0000000004164000 	/System/Library/PrivateFrameworks/AppleVPA.framework/Versions/A/AppleVPA
0x0000000004164000 	/System/Library/PrivateFrameworks/AppleJPEG.framework/Versions/A/AppleJPEG
0x0000000004164000 	/System/Library/Frameworks/ImageIO.framework/Versions/A/Resources/libJPEG.dylib
0x0000000004164000 	/System/Library/Frameworks/ImageIO.framework/Versions/A/Resources/libTIFF.dylib
0x0000000004164000 	/System/Library/Frameworks/ImageIO.framework/Versions/A/Resources/libPng.dylib
0x0000000004164000 	/System/Library/Frameworks/ImageIO.framework/Versions/A/Resources/libGIF.dylib
0x0000000004164000 	/System/Library/Frameworks/ImageIO.framework/Versions/A/Resources/libJP2.dylib
0x0000000004164000 	/System/Library/Frameworks/ImageIO.framework/Versions/A/Resources/libRadiance.dylib
0x0000000004164000 	/System/Library/Frameworks/CoreVideo.framework/Versions/A/CoreVideo
0x0000000004164000 	/System/Library/Frameworks/OpenGL.framework/Versions/A/Libraries/libGLU.dylib
0x0000000004164000 	/System/Library/Frameworks/OpenGL.framework/Versions/A/Libraries/libGFXShared.dylib
0x0000000004164000 	/System/Library/Frameworks/OpenGL.framework/Versions/A/Libraries/libGL.dylib
0x0000000004164000 	/System/Library/Frameworks/OpenGL.framework/Versions/A/Libraries/libGLImage.dylib
0x0000000004164000 	/System/Library/Frameworks/OpenGL.framework/Versions/A/Libraries/libCVMSPluginSupport.dylib
0x0000000004164000 	/System/Library/Frameworks/OpenGL.framework/Versions/A/Libraries/libCoreVMClient.dylib
0x0000000004164000 	/usr/lib/libcups.2.dylib
0x0000000004164000 	/System/Library/Frameworks/Kerberos.framework/Versions/A/Kerberos
0x0000000004164000 	/System/Library/Frameworks/GSS.framework/Versions/A/GSS
0x0000000004164000 	/usr/lib/libresolv.9.dylib
0x0000000004164000 	/System/Library/PrivateFrameworks/Heimdal.framework/Versions/A/Heimdal
0x0000000004164000 	/usr/lib/libheimdal-asn1.dylib
0x0000000004164000 	/System/Library/Frameworks/OpenDirectory.framework/Versions/A/OpenDirectory
0x0000000004164000 	/System/Library/PrivateFrameworks/CommonAuth.framework/Versions/A/CommonAuth
0x0000000004164000 	/System/Library/Frameworks/SecurityFoundation.framework/Versions/A/SecurityFoundation
0x0000000004164000 	/System/Library/Frameworks/QuartzCore.framework/Versions/A/Frameworks/CoreImage.framework/Versions/A/CoreImage
0x0000000004164000 	/System/Library/PrivateFrameworks/CrashReporterSupport.framework/Versions/A/CrashReporterSupport
0x0000000004164000 	/System/Library/Frameworks/OpenCL.framework/Versions/A/OpenCL
0x0000000004164000 	/System/Library/PrivateFrameworks/FaceCore.framework/Versions/A/FaceCore
0x0000000004164000 	/System/Library/PrivateFrameworks/Ubiquity.framework/Versions/A/Ubiquity
0x0000000004164000 	/System/Library/PrivateFrameworks/IconServices.framework/Versions/A/IconServices
0x0000000004164000 	/System/Library/PrivateFrameworks/ChunkingLibrary.framework/Versions/A/ChunkingLibrary
0x0000000004164000 	/System/Library/PrivateFrameworks/Apple80211.framework/Versions/A/Apple80211
0x0000000004164000 	/System/Library/Frameworks/CoreWLAN.framework/Versions/A/CoreWLAN
0x0000000004164000 	/System/Library/Frameworks/IOBluetooth.framework/Versions/A/IOBluetooth
0x0000000004164000 	/System/Library/PrivateFrameworks/CoreWiFi.framework/Versions/A/CoreWiFi
0x0000000004164000 	/System/Library/Frameworks/CoreBluetooth.framework/Versions/A/CoreBluetooth
0x0000000004164000 	/System/Library/PrivateFrameworks/DebugSymbols.framework/Versions/A/DebugSymbols
0x0000000004164000 	/System/Library/PrivateFrameworks/CoreSymbolication.framework/Versions/A/CoreSymbolication
0x0000000004164000 	/System/Library/PrivateFrameworks/Symbolication.framework/Versions/A/Symbolication
0x0000000004164000 	/System/Library/PrivateFrameworks/SpeechRecognitionCore.framework/Versions/A/SpeechRecognitionCore
0x000000010ba00000 	/Library/Java/JavaVirtualMachines/jdk1.8.0_25.jdk/Contents/Home/jre/lib/server/libjvm.dylib
0x0000000004164000 	/usr/lib/libstdc++.6.dylib
0x000000010b13c000 	/Library/Java/JavaVirtualMachines/jdk1.8.0_25.jdk/Contents/Home/jre/lib/libverify.dylib
0x000000010b14a000 	/Library/Java/JavaVirtualMachines/jdk1.8.0_25.jdk/Contents/Home/jre/lib/libjava.dylib
0x000000010b17f000 	/Library/Java/JavaVirtualMachines/jdk1.8.0_25.jdk/Contents/Home/jre/lib/libjdwp.dylib
0x000000010b1ca000 	/Library/Java/JavaVirtualMachines/jdk1.8.0_25.jdk/Contents/Home/jre/lib/libnpt.dylib
0x000000010b1d7000 	/Library/Java/JavaVirtualMachines/jdk1.8.0_25.jdk/Contents/Home/jre/lib/libzip.dylib
0x000000010b1e1000 	/System/Library/Frameworks/JavaVM.framework/Frameworks/JavaRuntimeSupport.framework/JavaRuntimeSupport
0x0000000122a93000 	/System/Library/Frameworks/JavaVM.framework/Versions/A/Frameworks/JavaNativeFoundation.framework/Versions/A/JavaNativeFoundation
0x0000000122aa8000 	/System/Library/Frameworks/JavaVM.framework/Versions/A/JavaVM
0x0000000004164000 	/System/Library/Frameworks/Carbon.framework/Versions/A/Carbon
0x0000000122ab5000 	/System/Library/PrivateFrameworks/JavaLaunching.framework/Versions/A/JavaLaunching
0x0000000004164000 	/System/Library/Frameworks/Carbon.framework/Versions/A/Frameworks/CommonPanels.framework/Versions/A/CommonPanels
0x0000000004164000 	/System/Library/Frameworks/Carbon.framework/Versions/A/Frameworks/Help.framework/Versions/A/Help
0x0000000004164000 	/System/Library/Frameworks/Carbon.framework/Versions/A/Frameworks/ImageCapture.framework/Versions/A/ImageCapture
0x0000000004164000 	/System/Library/Frameworks/Carbon.framework/Versions/A/Frameworks/OpenScripting.framework/Versions/A/OpenScripting
0x0000000004164000 	/System/Library/Frameworks/Carbon.framework/Versions/A/Frameworks/Print.framework/Versions/A/Print
0x0000000004164000 	/System/Library/Frameworks/Carbon.framework/Versions/A/Frameworks/SecurityHI.framework/Versions/A/SecurityHI
0x000000012433e000 	/Library/Java/JavaVirtualMachines/jdk1.8.0_25.jdk/Contents/Home/jre/lib/libdt_socket.dylib
0x0000000124b9e000 	/Library/Java/JavaVirtualMachines/jdk1.8.0_25.jdk/Contents/Home/jre/lib/libnet.dylib

VM Arguments:
jvm_args: -agentlib:jdwp=transport=dt_socket,suspend=y,address=localhost:51634 -Dfile.encoding=UTF-8 
java_command: org.eclipse.jdt.internal.junit.runner.RemoteTestRunner -version 3 -port 51633 -testLoaderClass org.eclipse.jdt.internal.junit4.runner.JUnit4TestLoader -loaderpluginname org.eclipse.jdt.junit4.runtime -classNames ht.MainTest
java_class_path (initial): /Users/debmalyajash/git/allgo/bojha/bin:/Users/debmalyajash/Documents/eclipse/plugins/org.junit_4.11.0.v201303080030/junit.jar:/Users/debmalyajash/Documents/eclipse/plugins/org.hamcrest.core_1.3.0.v201303031735.jar:/Users/debmalyajash/Documents/eclipse/configuration/org.eclipse.osgi/203/0/.cp/:/Users/debmalyajash/Documents/eclipse/configuration/org.eclipse.osgi/202/0/.cp/
Launcher Type: SUN_STANDARD

Environment Variables:
PATH=/usr/bin:/bin:/usr/sbin:/sbin
SHELL=/bin/bash

Signal Handlers:
SIGSEGV: [libjvm.dylib+0x579dc7], sa_mask[0]=11111111011111110111111111111111, sa_flags=SA_ONSTACK|SA_RESTART|SA_SIGINFO
SIGBUS: [libjvm.dylib+0x579dc7], sa_mask[0]=11111111011111110111111111111111, sa_flags=SA_RESTART|SA_SIGINFO
SIGFPE: [libjvm.dylib+0x45b030], sa_mask[0]=11111111011111110111111111111111, sa_flags=SA_RESTART|SA_SIGINFO
SIGPIPE: [libjvm.dylib+0x45b030], sa_mask[0]=11111111011111110111111111111111, sa_flags=SA_RESTART|SA_SIGINFO
SIGXFSZ: [libjvm.dylib+0x45b030], sa_mask[0]=11111111011111110111111111111111, sa_flags=SA_RESTART|SA_SIGINFO
SIGILL: [libjvm.dylib+0x45b030], sa_mask[0]=11111111011111110111111111111111, sa_flags=SA_RESTART|SA_SIGINFO
SIGUSR1: SIG_DFL, sa_mask[0]=00000000000000000000000000000000, sa_flags=none
SIGUSR2: [libjvm.dylib+0x45ab4e], sa_mask[0]=00100000000000000000000000000000, sa_flags=SA_RESTART|SA_SIGINFO
SIGHUP: [libjvm.dylib+0x459121], sa_mask[0]=11111111011111110111111111111111, sa_flags=SA_RESTART|SA_SIGINFO
SIGINT: [libjvm.dylib+0x459121], sa_mask[0]=11111111011111110111111111111111, sa_flags=SA_RESTART|SA_SIGINFO
SIGTERM: [libjvm.dylib+0x459121], sa_mask[0]=11111111011111110111111111111111, sa_flags=SA_RESTART|SA_SIGINFO
SIGQUIT: [libjvm.dylib+0x459121], sa_mask[0]=11111111011111110111111111111111, sa_flags=SA_RESTART|SA_SIGINFO


---------------  S Y S T E M  ---------------

OS:Bsduname:Darwin 14.0.0 Darwin Kernel Version 14.0.0: Fri Sep 19 00:26:44 PDT 2014; root:xnu-2782.1.97~2/RELEASE_X86_64 x86_64
rlimit: STACK 8192k, CORE 0k, NPROC 709, NOFILE 10240, AS infinity
load average:1.44 1.78 1.69

CPU:total 4 (2 cores per cpu, 2 threads per core) family 6 model 69 stepping 1, cmov, cx8, fxsr, mmx, sse, sse2, sse3, ssse3, sse4.1, sse4.2, popcnt, avx, avx2, aes, clmul, erms, lzcnt, ht, tsc, tscinvbit, bmi1, bmi2

Memory: 4k page, physical 8388608k(2175212k free)

/proc/meminfo:


vm_info: Java HotSpot(TM) 64-Bit Server VM (25.25-b02) for bsd-amd64 JRE (1.8.0_25-b17), built on Sep 17 2014 16:56:50 by "java_re" with gcc 4.2.1 (Based on Apple Inc. build 5658) (LLVM build 2336.11.00)

time: Sun Jan 18 09:43:28 2015
elapsed time: 416 seconds (0d 0h 6m 56s)

